ISim log file
Running: D:\0416208\final\final_project_isim_beh.exe -intstyle ise -gui -tclbatch isim.cmd -wdb D:/0416208/final/final_project_isim_beh.wdb 
ISim P.20131013 (signature 0x7708f090)
----------------------------------------------------------------------
INFO:Security:50 - The XILINXD_LICENSE_FILE environment variable is set to '2100@140.126.24.10'.
INFO:Security:53 - The LM_LICENSE_FILE environment variable is not set.
WARNING:Security:43 - No license file was found in the standard Xilinx license directory.
WARNING:Security:44 - Since no license file was found,
       please run the Xilinx License Configuration Manager
       (xlcm or "Manage Xilinx Licenses")
       to assist in obtaining a license.
WARNING:Security:42 - Your software subscription period has lapsed. Your current version of Xilinx tools will continue to function, but you no longer qualify for Xilinx software updates or new releases.


----------------------------------------------------------------------
This is a Full version of ISim.
Time resolution is 1 ps
# onerror resume
# wave add /
# run 1000 ns
Simulator is doing circuit initialization process.
Finished circuit initialization process.
# isim force add /final_project/reset 1 -radix bin -cancel 500 ps
# isim force add /final_project/reset 1 -radix bin -cancel 500 ps
# isim force add /final_project/clk 1 -radix bin -value 0 -radix bin -time 200 ps -repeat 400 ps
# run 1.00us
